<?xml version="1.0" encoding="UTF-8"?>
<testsuite name="TextumbruchTest" tests="2" skipped="0" failures="0" errors="0" timestamp="2022-01-10T18:18:27" hostname="DESKTOP-6IECT8M" time="0.026">
  <properties/>
  <testcase name="testUmbrechenMitLaenge14()" classname="TextumbruchTest" time="0.025"/>
  <testcase name="testUmbrechenMitLaenge9()" classname="TextumbruchTest" time="0.0"/>
  <system-out><![CDATA[]]></system-out>
  <system-err><![CDATA[]]></system-err>
</testsuite>
